<?xml version="1.0" encoding="UTF-8"?>
<!-- Generated by org.testng.reporters.JUnitReportReporter -->
<testsuite hostname="DESKTOP-2O0K76M" failures="0" tests="2" name="tests.Login_TC_1" time="0.323" errors="0" timestamp="2023-11-22T20:38:47 EET" skipped="0">
  <testcase classname="tests.Login_TC_1" name="validLogin" time="0.194"/>
  <testcase classname="tests.Login_TC_1" name="logoutTest" time="0.129"/>
</testsuite> <!-- tests.Login_TC_1 -->
