<?xml version="1.0" encoding="UTF-8"?>
<!-- Generated by org.testng.reporters.JUnitReportReporter -->
<testsuite hostname="DESKTOP-2O0K76M" failures="0" tests="6" name="tests.eCommerce_TestCases2" time="7.517" errors="0" timestamp="2023-11-25T23:08:24 EET" skipped="0">
  <testcase classname="tests.eCommerce_TestCases2" name="validLogin" time="0.721"/>
  <testcase classname="tests.eCommerce_TestCases2" name="addProductToCartTest" time="1.693"/>
  <testcase classname="tests.eCommerce_TestCases2" name="completeProductPurchase" time="2.296"/>
  <testcase classname="tests.eCommerce_TestCases2" name="verifyCheckoutErrorOnMissingInfo" time="1.609"/>
  <testcase classname="tests.eCommerce_TestCases2" name="logoutTest" time="0.590"/>
  <testcase classname="tests.eCommerce_TestCases2" name="invalidLoginTest" time="0.608"/>
</testsuite> <!-- tests.eCommerce_TestCases2 -->
