<?xml version="1.0" encoding="UTF-8"?>
<!-- Generated by org.testng.reporters.JUnitReportReporter -->
<testsuite hostname="DESKTOP-2O0K76M" failures="0" tests="6" name="tests.eCommerce_TestCases" time="7.636" errors="0" timestamp="2023-11-25T23:15:16 EET" skipped="0">
  <testcase classname="tests.eCommerce_TestCases" name="validLogin" time="0.740"/>
  <testcase classname="tests.eCommerce_TestCases" name="addProductToCartTest" time="1.715"/>
  <testcase classname="tests.eCommerce_TestCases" name="completeProductPurchase" time="2.335"/>
  <testcase classname="tests.eCommerce_TestCases" name="verifyCheckoutErrorOnMissingInfo" time="1.618"/>
  <testcase classname="tests.eCommerce_TestCases" name="logoutTest" time="0.598"/>
  <testcase classname="tests.eCommerce_TestCases" name="invalidLoginTest" time="0.630"/>
</testsuite> <!-- tests.eCommerce_TestCases -->
