<?xml version="1.0" encoding="UTF-8"?>
<!-- Generated by org.testng.reporters.JUnitReportReporter -->
<testsuite hostname="DESKTOP-2O0K76M" failures="0" tests="1" name="tests.Login_TC_2" time="0.472" errors="0" timestamp="2023-11-22T11:40:55 EET" skipped="0">
  <testcase classname="tests.Login_TC_2" name="invalidLogin" time="0.472"/>
</testsuite> <!-- tests.Login_TC_2 -->
