<?xml version="1.0" encoding="UTF-8"?>
<!-- Generated by org.testng.reporters.JUnitReportReporter -->
<testsuite hostname="DESKTOP-2O0K76M" failures="0" tests="1" name="tests.InvalidLogin_TC" time="0.177" errors="0" timestamp="2023-11-25T20:37:42 EET" skipped="0">
  <testcase classname="tests.InvalidLogin_TC" name="invalidLoginTest" time="0.177"/>
</testsuite> <!-- tests.InvalidLogin_TC -->
