<?xml version="1.0" encoding="UTF-8"?>
<!-- Generated by org.testng.reporters.JUnitReportReporter -->
<testsuite hostname="DESKTOP-2O0K76M" failures="0" tests="1" name="tests.LogOut_TC" time="3.140" errors="0" timestamp="2023-11-22T20:11:22 EET" skipped="0">
  <testcase classname="tests.LogOut_TC" name="logoutTest" time="3.140"/>
</testsuite> <!-- tests.LogOut_TC -->
